    Finished `release` profile [optimized] target(s) in 0.02s
     Running `/local/badia/Velvet-priv/target/release/nqueens velvet 16`
VELVET RESULT = 14772512, in parallel time = 3.138801
63,0,53,0,0ns,0ns,0ns,0ns,0ns,0ns,0ns,0ns,96144,0,45,0,0,0
16,0,64,0,0ns,0ns,0ns,0ns,0ns,0ns,0ns,0ns,66582,0,66,0,0,0
12,0,54,0,0ns,0ns,0ns,0ns,0ns,0ns,0ns,0ns,73440,0,62,0,0,0
9,0,32,0,0ns,0ns,0ns,0ns,0ns,0ns,0ns,0ns,69059,0,48,0,0,0
44,0,58,0,0ns,0ns,0ns,0ns,0ns,0ns,0ns,0ns,79033,0,48,0,0,0
15,0,49,0,0ns,0ns,0ns,0ns,0ns,0ns,0ns,0ns,76549,0,50,0,0,0
4,0,66,0,0ns,0ns,0ns,0ns,0ns,0ns,0ns,0ns,67996,0,42,0,0,0
53,0,54,0,0ns,0ns,0ns,0ns,0ns,0ns,0ns,0ns,94708,0,52,0,0,0
54,0,62,0,0ns,0ns,0ns,0ns,0ns,0ns,0ns,0ns,69069,0,44,0,0,0
56,0,38,0,0ns,0ns,0ns,0ns,0ns,0ns,0ns,0ns,81185,0,44,0,0,0
10,0,29,0,0ns,0ns,0ns,0ns,0ns,0ns,0ns,0ns,74312,0,58,0,0,0
11,0,66,0,0ns,0ns,0ns,0ns,0ns,0ns,0ns,0ns,73112,0,53,0,0,0
24,0,83,0,0ns,0ns,0ns,0ns,0ns,0ns,0ns,0ns,70074,0,54,0,0,0
46,0,48,0,0ns,0ns,0ns,0ns,0ns,0ns,0ns,0ns,66106,0,47,0,0,0
57,0,58,0,0ns,0ns,0ns,0ns,0ns,0ns,0ns,0ns,69469,0,55,0,0,0
1,0,56,0,0ns,0ns,0ns,0ns,0ns,0ns,0ns,0ns,89753,0,44,0,0,0
55,0,35,0,0ns,0ns,0ns,0ns,0ns,0ns,0ns,0ns,80536,0,41,0,0,0
6,0,35,0,0ns,0ns,0ns,0ns,0ns,0ns,0ns,0ns,83084,0,53,0,0,0
22,0,51,0,0ns,0ns,0ns,0ns,0ns,0ns,0ns,0ns,87919,0,65,0,0,0
23,0,53,0,0ns,0ns,0ns,0ns,0ns,0ns,0ns,0ns,69844,0,49,0,0,0
32,0,46,0,0ns,0ns,0ns,0ns,0ns,0ns,0ns,0ns,73221,0,48,0,0,0
29,0,41,0,0ns,0ns,0ns,0ns,0ns,0ns,0ns,0ns,68959,0,40,0,0,0
30,0,44,0,0ns,0ns,0ns,0ns,0ns,0ns,0ns,0ns,84617,0,51,0,0,0
59,0,63,0,0ns,0ns,0ns,0ns,0ns,0ns,0ns,0ns,69734,0,49,0,0,0
33,0,57,0,0ns,0ns,0ns,0ns,0ns,0ns,0ns,0ns,75686,0,44,0,0,0
2,0,45,0,0ns,0ns,0ns,0ns,0ns,0ns,0ns,0ns,72077,0,44,0,0,0
3,0,57,0,0ns,0ns,0ns,0ns,0ns,0ns,0ns,0ns,71728,0,42,0,0,0
60,0,33,0,0ns,0ns,0ns,0ns,0ns,0ns,0ns,0ns,68627,0,56,0,0,0
35,0,36,0,0ns,0ns,0ns,0ns,0ns,0ns,0ns,0ns,82940,0,48,0,0,0
36,0,69,0,0ns,0ns,0ns,0ns,0ns,0ns,0ns,0ns,68002,0,48,0,0,0
34,0,51,0,0ns,0ns,0ns,0ns,0ns,0ns,0ns,0ns,68460,0,48,0,0,0
26,0,56,0,0ns,0ns,0ns,0ns,0ns,0ns,0ns,0ns,74224,0,50,0,0,0
27,0,51,0,0ns,0ns,0ns,0ns,0ns,0ns,0ns,0ns,76366,0,37,0,0,0
62,0,55,0,0ns,0ns,0ns,0ns,0ns,0ns,0ns,0ns,79522,0,52,0,0,0
45,0,65,0,0ns,0ns,0ns,0ns,0ns,0ns,0ns,0ns,69177,0,53,0,0,0
48,0,65,0,0ns,0ns,0ns,0ns,0ns,0ns,0ns,0ns,86530,0,60,0,0,0
47,0,54,0,0ns,0ns,0ns,0ns,0ns,0ns,0ns,0ns,72571,0,54,0,0,0
18,0,62,0,0ns,0ns,0ns,0ns,0ns,0ns,0ns,0ns,81652,0,44,0,0,0
17,0,33,0,0ns,0ns,0ns,0ns,0ns,0ns,0ns,0ns,92528,0,55,0,0,0
20,0,46,0,0ns,0ns,0ns,0ns,0ns,0ns,0ns,0ns,68232,0,48,0,0,0
19,0,40,0,0ns,0ns,0ns,0ns,0ns,0ns,0ns,0ns,72435,0,57,0,0,0
51,0,43,0,0ns,0ns,0ns,0ns,0ns,0ns,0ns,0ns,73119,0,48,0,0,0
52,0,46,0,0ns,0ns,0ns,0ns,0ns,0ns,0ns,0ns,64941,0,51,0,0,0
50,0,40,0,0ns,0ns,0ns,0ns,0ns,0ns,0ns,0ns,104594,0,50,0,0,0
61,0,53,0,0ns,0ns,0ns,0ns,0ns,0ns,0ns,0ns,76663,0,49,0,0,0
58,0,31,0,0ns,0ns,0ns,0ns,0ns,0ns,0ns,0ns,90930,0,40,0,0,0
40,0,36,0,0ns,0ns,0ns,0ns,0ns,0ns,0ns,0ns,91528,0,57,0,0,0
38,0,67,0,0ns,0ns,0ns,0ns,0ns,0ns,0ns,0ns,91554,0,45,0,0,0
14,0,19,0,0ns,0ns,0ns,0ns,0ns,0ns,0ns,0ns,83343,0,50,0,0,0
43,0,68,0,0ns,0ns,0ns,0ns,0ns,0ns,0ns,0ns,76730,0,57,0,0,0
41,0,36,0,0ns,0ns,0ns,0ns,0ns,0ns,0ns,0ns,69383,0,47,0,0,0
39,0,71,0,0ns,0ns,0ns,0ns,0ns,0ns,0ns,0ns,72379,0,63,0,0,0
49,0,53,0,0ns,0ns,0ns,0ns,0ns,0ns,0ns,0ns,66371,0,43,0,0,0
5,0,56,0,0ns,0ns,0ns,0ns,0ns,0ns,0ns,0ns,83393,0,41,0,0,0
8,0,59,0,0ns,0ns,0ns,0ns,0ns,0ns,0ns,0ns,71511,0,50,0,0,0
7,0,52,0,0ns,0ns,0ns,0ns,0ns,0ns,0ns,0ns,76538,0,51,0,0,0
21,0,18,0,0ns,0ns,0ns,0ns,0ns,0ns,0ns,0ns,72618,0,44,0,0,0
42,0,29,0,0ns,0ns,0ns,0ns,0ns,0ns,0ns,0ns,99599,0,41,0,0,0
31,0,49,0,0ns,0ns,0ns,0ns,0ns,0ns,0ns,0ns,70439,0,61,0,0,0
25,0,45,0,0ns,0ns,0ns,0ns,0ns,0ns,0ns,0ns,73371,0,48,0,0,0
13,0,45,0,0ns,0ns,0ns,0ns,0ns,0ns,0ns,0ns,75853,0,59,0,0,0
37,0,67,0,0ns,0ns,0ns,0ns,0ns,0ns,0ns,0ns,87902,0,51,0,0,0
28,0,67,0,0ns,0ns,0ns,0ns,0ns,0ns,0ns,0ns,88065,0,60,0,0,0
0,0,46,0,0ns,0ns,0ns,0ns,0ns,0ns,0ns,0ns,125148,0,55,0,0,0
