    Finished `release` profile [optimized] target(s) in 0.02s
     Running `/local/badia/Velvet-priv/target/release/tsp velvet 19 25`
VELVET RESULT = 294, in parallel time = 2.783544
11,0,37,0,0ns,0ns,0ns,0ns,0ns,0ns,0ns,0ns,12699,0,69,0,0,0
29,0,82,0,0ns,0ns,0ns,0ns,0ns,0ns,0ns,0ns,174801,0,63,0,0,0
30,0,43,0,0ns,0ns,0ns,0ns,0ns,0ns,0ns,0ns,15414,0,67,0,0,0
47,0,75,0,0ns,0ns,0ns,0ns,0ns,0ns,0ns,0ns,199317,0,62,0,0,0
59,0,47,0,0ns,0ns,0ns,0ns,0ns,0ns,0ns,0ns,80991,0,55,0,0,0
58,0,42,0,0ns,0ns,0ns,0ns,0ns,0ns,0ns,0ns,162822,0,76,0,0,0
60,0,69,0,0ns,0ns,0ns,0ns,0ns,0ns,0ns,0ns,134940,0,73,0,0,0
36,0,59,0,0ns,0ns,0ns,0ns,0ns,0ns,0ns,0ns,148185,0,67,0,0,0
43,0,48,0,0ns,0ns,0ns,0ns,0ns,0ns,0ns,0ns,163665,0,74,0,0,0
27,0,42,0,0ns,0ns,0ns,0ns,0ns,0ns,0ns,0ns,85248,0,63,0,0,0
25,0,11,0,0ns,0ns,0ns,0ns,0ns,0ns,0ns,0ns,74289,0,72,0,0,0
19,0,67,0,0ns,0ns,0ns,0ns,0ns,0ns,0ns,0ns,118289,0,66,0,0,0
20,0,103,0,0ns,0ns,0ns,0ns,0ns,0ns,0ns,0ns,209082,0,80,0,0,0
21,0,58,0,0ns,0ns,0ns,0ns,0ns,0ns,0ns,0ns,176533,0,84,0,0,0
57,0,90,0,0ns,0ns,0ns,0ns,0ns,0ns,0ns,0ns,212804,0,59,0,0,0
48,0,114,0,0ns,0ns,0ns,0ns,0ns,0ns,0ns,0ns,241955,0,74,0,0,0
63,0,70,0,0ns,0ns,0ns,0ns,0ns,0ns,0ns,0ns,56690,0,79,0,0,0
52,0,92,0,0ns,0ns,0ns,0ns,0ns,0ns,0ns,0ns,156185,0,77,0,0,0
50,0,72,0,0ns,0ns,0ns,0ns,0ns,0ns,0ns,0ns,169230,0,72,0,0,0
40,0,122,0,0ns,0ns,0ns,0ns,0ns,0ns,0ns,0ns,169695,0,89,0,0,0
18,0,89,0,0ns,0ns,0ns,0ns,0ns,0ns,0ns,0ns,64616,0,64,0,0,0
49,0,70,0,0ns,0ns,0ns,0ns,0ns,0ns,0ns,0ns,136341,0,78,0,0,0
54,0,89,0,0ns,0ns,0ns,0ns,0ns,0ns,0ns,0ns,180667,0,66,0,0,0
53,0,127,0,0ns,0ns,0ns,0ns,0ns,0ns,0ns,0ns,209118,0,71,0,0,0
38,0,91,0,0ns,0ns,0ns,0ns,0ns,0ns,0ns,0ns,59109,0,84,0,0,0
55,0,56,0,0ns,0ns,0ns,0ns,0ns,0ns,0ns,0ns,11373,0,81,0,0,0
7,0,104,0,0ns,0ns,0ns,0ns,0ns,0ns,0ns,0ns,139752,0,55,0,0,0
56,0,89,0,0ns,0ns,0ns,0ns,0ns,0ns,0ns,0ns,93494,0,60,0,0,0
41,0,162,0,0ns,0ns,0ns,0ns,0ns,0ns,0ns,0ns,183901,0,87,0,0,0
10,0,96,0,0ns,0ns,0ns,0ns,0ns,0ns,0ns,0ns,136560,0,61,0,0,0
22,0,123,0,0ns,0ns,0ns,0ns,0ns,0ns,0ns,0ns,108129,0,79,0,0,0
28,0,28,0,0ns,0ns,0ns,0ns,0ns,0ns,0ns,0ns,41636,0,56,0,0,0
4,0,68,0,0ns,0ns,0ns,0ns,0ns,0ns,0ns,0ns,151307,0,75,0,0,0
39,0,78,0,0ns,0ns,0ns,0ns,0ns,0ns,0ns,0ns,118501,0,69,0,0,0
33,0,68,0,0ns,0ns,0ns,0ns,0ns,0ns,0ns,0ns,163988,0,52,0,0,0
35,0,50,0,0ns,0ns,0ns,0ns,0ns,0ns,0ns,0ns,121291,0,71,0,0,0
26,0,42,0,0ns,0ns,0ns,0ns,0ns,0ns,0ns,0ns,99495,0,69,0,0,0
42,0,55,0,0ns,0ns,0ns,0ns,0ns,0ns,0ns,0ns,152338,0,83,0,0,0
34,0,73,0,0ns,0ns,0ns,0ns,0ns,0ns,0ns,0ns,117988,0,54,0,0,0
51,0,78,0,0ns,0ns,0ns,0ns,0ns,0ns,0ns,0ns,141642,0,69,0,0,0
13,0,76,0,0ns,0ns,0ns,0ns,0ns,0ns,0ns,0ns,225311,0,65,0,0,0
15,0,86,0,0ns,0ns,0ns,0ns,0ns,0ns,0ns,0ns,103745,0,76,0,0,0
9,0,49,0,0ns,0ns,0ns,0ns,0ns,0ns,0ns,0ns,185076,0,70,0,0,0
16,0,104,0,0ns,0ns,0ns,0ns,0ns,0ns,0ns,0ns,78555,0,75,0,0,0
14,0,99,0,0ns,0ns,0ns,0ns,0ns,0ns,0ns,0ns,145779,0,75,0,0,0
32,0,64,0,0ns,0ns,0ns,0ns,0ns,0ns,0ns,0ns,113883,0,68,0,0,0
5,0,113,0,0ns,0ns,0ns,0ns,0ns,0ns,0ns,0ns,221482,0,74,0,0,0
24,0,146,0,0ns,0ns,0ns,0ns,0ns,0ns,0ns,0ns,135169,0,74,0,0,0
23,0,84,0,0ns,0ns,0ns,0ns,0ns,0ns,0ns,0ns,245871,0,74,0,0,0
3,0,37,0,0ns,0ns,0ns,0ns,0ns,0ns,0ns,0ns,12704,0,69,0,0,0
2,0,60,0,0ns,0ns,0ns,0ns,0ns,0ns,0ns,0ns,86914,0,67,0,0,0
31,0,55,0,0ns,0ns,0ns,0ns,0ns,0ns,0ns,0ns,187357,0,76,0,0,0
62,0,33,0,0ns,0ns,0ns,0ns,0ns,0ns,0ns,0ns,87831,0,75,0,0,0
46,0,122,0,0ns,0ns,0ns,0ns,0ns,0ns,0ns,0ns,196164,0,68,0,0,0
12,0,81,0,0ns,0ns,0ns,0ns,0ns,0ns,0ns,0ns,94765,0,60,0,0,0
17,0,18,0,0ns,0ns,0ns,0ns,0ns,0ns,0ns,0ns,36049,0,83,0,0,0
8,0,37,0,0ns,0ns,0ns,0ns,0ns,0ns,0ns,0ns,117188,0,80,0,0,0
6,0,57,0,0ns,0ns,0ns,0ns,0ns,0ns,0ns,0ns,55735,0,66,0,0,0
45,0,19,0,0ns,0ns,0ns,0ns,0ns,0ns,0ns,0ns,62482,0,76,0,0,0
37,0,57,0,0ns,0ns,0ns,0ns,0ns,0ns,0ns,0ns,129584,0,77,0,0,0
1,0,54,0,0ns,0ns,0ns,0ns,0ns,0ns,0ns,0ns,95482,0,78,0,0,0
44,0,73,0,0ns,0ns,0ns,0ns,0ns,0ns,0ns,0ns,114612,0,84,0,0,0
61,0,93,0,0ns,0ns,0ns,0ns,0ns,0ns,0ns,0ns,167158,0,98,0,0,0
0,0,2,0,0ns,0ns,0ns,0ns,0ns,0ns,0ns,0ns,9167,0,85,0,0,0
