    Finished `release` profile [optimized] target(s) in 0.03s
     Running `/local/badia/Velvet-priv/target/release/sort velvet 2000000000 42`
checking vec size: 2000000000
SORTED!
36,0,78,0,0ns,0ns,0ns,0ns,0ns,0ns,0ns,0ns,92,0,70,0,0,0
35,0,87,0,0ns,0ns,0ns,0ns,0ns,0ns,0ns,0ns,88,0,71,0,0,0
49,0,93,0,0ns,0ns,0ns,0ns,0ns,0ns,0ns,0ns,85,0,60,0,0,0
38,0,81,0,0ns,0ns,0ns,0ns,0ns,0ns,0ns,0ns,102,0,83,0,0,0
51,0,88,0,0ns,0ns,0ns,0ns,0ns,0ns,0ns,0ns,81,0,53,0,0,0
37,0,87,0,0ns,0ns,0ns,0ns,0ns,0ns,0ns,0ns,71,0,52,0,0,0
23,0,34,0,0ns,0ns,0ns,0ns,0ns,0ns,0ns,0ns,66,0,52,0,0,0
22,0,38,0,0ns,0ns,0ns,0ns,0ns,0ns,0ns,0ns,55,0,46,0,0,0
21,0,42,0,0ns,0ns,0ns,0ns,0ns,0ns,0ns,0ns,37,0,29,0,0,0
39,0,87,0,0ns,0ns,0ns,0ns,0ns,0ns,0ns,0ns,100,0,79,0,0,0
29,0,43,0,0ns,0ns,0ns,0ns,0ns,0ns,0ns,0ns,52,0,39,0,0,0
30,0,39,0,0ns,0ns,0ns,0ns,0ns,0ns,0ns,0ns,54,0,41,0,0,0
40,0,87,0,0ns,0ns,0ns,0ns,0ns,0ns,0ns,0ns,109,0,79,0,0,0
6,0,36,0,0ns,0ns,0ns,0ns,0ns,0ns,0ns,0ns,60,0,45,0,0,0
7,0,36,0,0ns,0ns,0ns,0ns,0ns,0ns,0ns,0ns,67,0,57,0,0,0
5,0,41,0,0ns,0ns,0ns,0ns,0ns,0ns,0ns,0ns,67,0,56,0,0,0
3,0,37,0,0ns,0ns,0ns,0ns,0ns,0ns,0ns,0ns,68,0,55,0,0,0
41,0,86,0,0ns,0ns,0ns,0ns,0ns,0ns,0ns,0ns,71,0,53,0,0,0
42,0,88,0,0ns,0ns,0ns,0ns,0ns,0ns,0ns,0ns,106,0,86,0,0,0
62,0,101,0,0ns,0ns,0ns,0ns,0ns,0ns,0ns,0ns,80,0,59,0,0,0
2,0,34,0,0ns,0ns,0ns,0ns,0ns,0ns,0ns,0ns,65,0,52,0,0,0
12,0,44,0,0ns,0ns,0ns,0ns,0ns,0ns,0ns,0ns,53,0,45,0,0,0
61,0,94,0,0ns,0ns,0ns,0ns,0ns,0ns,0ns,0ns,109,0,88,0,0,0
47,0,97,0,0ns,0ns,0ns,0ns,0ns,0ns,0ns,0ns,92,0,73,0,0,0
60,0,79,0,0ns,0ns,0ns,0ns,0ns,0ns,0ns,0ns,125,0,92,0,0,0
15,0,37,0,0ns,0ns,0ns,0ns,0ns,0ns,0ns,0ns,60,0,45,0,0,0
14,0,36,0,0ns,0ns,0ns,0ns,0ns,0ns,0ns,0ns,80,0,72,0,0,0
48,0,87,0,0ns,0ns,0ns,0ns,0ns,0ns,0ns,0ns,81,0,66,0,0,0
63,0,80,0,0ns,0ns,0ns,0ns,0ns,0ns,0ns,0ns,112,0,87,0,0,0
4,0,25,0,0ns,0ns,0ns,0ns,0ns,0ns,0ns,0ns,88,0,74,0,0,0
45,0,91,0,0ns,0ns,0ns,0ns,0ns,0ns,0ns,0ns,93,0,75,0,0,0
16,0,34,0,0ns,0ns,0ns,0ns,0ns,0ns,0ns,0ns,79,0,63,0,0,0
24,0,40,0,0ns,0ns,0ns,0ns,0ns,0ns,0ns,0ns,53,0,44,0,0,0
8,0,44,0,0ns,0ns,0ns,0ns,0ns,0ns,0ns,0ns,39,0,26,0,0,0
20,0,38,0,0ns,0ns,0ns,0ns,0ns,0ns,0ns,0ns,50,0,35,0,0,0
59,0,93,0,0ns,0ns,0ns,0ns,0ns,0ns,0ns,0ns,102,0,78,0,0,0
55,0,91,0,0ns,0ns,0ns,0ns,0ns,0ns,0ns,0ns,97,0,73,0,0,0
52,0,78,0,0ns,0ns,0ns,0ns,0ns,0ns,0ns,0ns,129,0,93,0,0,0
53,0,83,0,0ns,0ns,0ns,0ns,0ns,0ns,0ns,0ns,94,0,68,0,0,0
10,0,37,0,0ns,0ns,0ns,0ns,0ns,0ns,0ns,0ns,69,0,56,0,0,0
56,0,94,0,0ns,0ns,0ns,0ns,0ns,0ns,0ns,0ns,108,0,80,0,0,0
28,0,40,0,0ns,0ns,0ns,0ns,0ns,0ns,0ns,0ns,76,0,65,0,0,0
26,0,39,0,0ns,0ns,0ns,0ns,0ns,0ns,0ns,0ns,54,0,42,0,0,0
43,0,93,0,0ns,0ns,0ns,0ns,0ns,0ns,0ns,0ns,73,0,53,0,0,0
25,0,30,0,0ns,0ns,0ns,0ns,0ns,0ns,0ns,0ns,69,0,53,0,0,0
32,0,37,0,0ns,0ns,0ns,0ns,0ns,0ns,0ns,0ns,72,0,61,0,0,0
54,0,86,0,0ns,0ns,0ns,0ns,0ns,0ns,0ns,0ns,100,0,71,0,0,0
1,0,39,0,0ns,0ns,0ns,0ns,0ns,0ns,0ns,0ns,45,0,37,0,0,0
57,0,88,0,0ns,0ns,0ns,0ns,0ns,0ns,0ns,0ns,86,0,53,0,0,0
11,0,35,0,0ns,0ns,0ns,0ns,0ns,0ns,0ns,0ns,63,0,49,0,0,0
50,0,83,0,0ns,0ns,0ns,0ns,0ns,0ns,0ns,0ns,103,0,79,0,0,0
44,0,84,0,0ns,0ns,0ns,0ns,0ns,0ns,0ns,0ns,91,0,71,0,0,0
31,0,34,0,0ns,0ns,0ns,0ns,0ns,0ns,0ns,0ns,89,0,80,0,0,0
58,0,91,0,0ns,0ns,0ns,0ns,0ns,0ns,0ns,0ns,95,0,75,0,0,0
34,0,84,0,0ns,0ns,0ns,0ns,0ns,0ns,0ns,0ns,89,0,72,0,0,0
27,0,40,0,0ns,0ns,0ns,0ns,0ns,0ns,0ns,0ns,71,0,59,0,0,0
9,0,36,0,0ns,0ns,0ns,0ns,0ns,0ns,0ns,0ns,43,0,35,0,0,0
17,0,33,0,0ns,0ns,0ns,0ns,0ns,0ns,0ns,0ns,77,0,67,0,0,0
33,0,81,0,0ns,0ns,0ns,0ns,0ns,0ns,0ns,0ns,96,0,72,0,0,0
13,0,40,0,0ns,0ns,0ns,0ns,0ns,0ns,0ns,0ns,55,0,43,0,0,0
18,0,34,0,0ns,0ns,0ns,0ns,0ns,0ns,0ns,0ns,74,0,56,0,0,0
46,0,82,0,0ns,0ns,0ns,0ns,0ns,0ns,0ns,0ns,113,0,91,0,0,0
19,0,47,0,0ns,0ns,0ns,0ns,0ns,0ns,0ns,0ns,53,0,38,0,0,0
0,0,84,0,0ns,0ns,0ns,0ns,0ns,0ns,0ns,0ns,144,0,113,0,0,0
