    Finished `release` profile [optimized] target(s) in 0.02s
     Running `/local/badia/Velvet-priv/target/release/bh velvet /local/badia/data/three_plummers_4M_wider.txt /local/badia/data/three_plummers_4M_wider.txt 5`
62,0,138,0,0ns,0ns,0ns,0ns,0ns,0ns,0ns,0ns,1428,0,138,0,0,0
31,0,155,0,0ns,0ns,0ns,0ns,0ns,0ns,0ns,0ns,1326,0,126,0,0,0
29,0,122,0,0ns,0ns,0ns,0ns,0ns,0ns,0ns,0ns,1317,0,142,0,0,0
38,0,103,0,0ns,0ns,0ns,0ns,0ns,0ns,0ns,0ns,1416,0,146,0,0,0
37,0,155,0,0ns,0ns,0ns,0ns,0ns,0ns,0ns,0ns,1383,0,145,0,0,0
60,0,133,0,0ns,0ns,0ns,0ns,0ns,0ns,0ns,0ns,1305,0,124,0,0,0
59,0,138,0,0ns,0ns,0ns,0ns,0ns,0ns,0ns,0ns,1356,0,136,0,0,0
53,0,155,0,0ns,0ns,0ns,0ns,0ns,0ns,0ns,0ns,1362,0,140,0,0,0
50,0,146,0,0ns,0ns,0ns,0ns,0ns,0ns,0ns,0ns,1344,0,122,0,0,0
49,0,139,0,0ns,0ns,0ns,0ns,0ns,0ns,0ns,0ns,1374,0,119,0,0,0
51,0,142,0,0ns,0ns,0ns,0ns,0ns,0ns,0ns,0ns,1356,0,151,0,0,0
56,0,126,0,0ns,0ns,0ns,0ns,0ns,0ns,0ns,0ns,1455,0,140,0,0,0
42,0,164,0,0ns,0ns,0ns,0ns,0ns,0ns,0ns,0ns,1272,0,136,0,0,0
39,0,130,0,0ns,0ns,0ns,0ns,0ns,0ns,0ns,0ns,1428,0,124,0,0,0
40,0,117,0,0ns,0ns,0ns,0ns,0ns,0ns,0ns,0ns,1341,0,134,0,0,0
35,0,137,0,0ns,0ns,0ns,0ns,0ns,0ns,0ns,0ns,1389,0,129,0,0,0
33,0,133,0,0ns,0ns,0ns,0ns,0ns,0ns,0ns,0ns,1485,0,146,0,0,0
24,0,125,0,0ns,0ns,0ns,0ns,0ns,0ns,0ns,0ns,1395,0,139,0,0,0
23,0,171,0,0ns,0ns,0ns,0ns,0ns,0ns,0ns,0ns,1374,0,154,0,0,0
12,0,143,0,0ns,0ns,0ns,0ns,0ns,0ns,0ns,0ns,1530,0,123,0,0,0
22,0,149,0,0ns,0ns,0ns,0ns,0ns,0ns,0ns,0ns,1455,0,162,0,0,0
11,0,153,0,0ns,0ns,0ns,0ns,0ns,0ns,0ns,0ns,1317,0,156,0,0,0
58,0,153,0,0ns,0ns,0ns,0ns,0ns,0ns,0ns,0ns,1278,0,123,0,0,0
17,0,123,0,0ns,0ns,0ns,0ns,0ns,0ns,0ns,0ns,1362,0,148,0,0,0
15,0,166,0,0ns,0ns,0ns,0ns,0ns,0ns,0ns,0ns,1401,0,156,0,0,0
19,0,110,0,0ns,0ns,0ns,0ns,0ns,0ns,0ns,0ns,1368,0,119,0,0,0
13,0,174,0,0ns,0ns,0ns,0ns,0ns,0ns,0ns,0ns,1230,0,139,0,0,0
10,0,136,0,0ns,0ns,0ns,0ns,0ns,0ns,0ns,0ns,1332,0,130,0,0,0
20,0,126,0,0ns,0ns,0ns,0ns,0ns,0ns,0ns,0ns,1437,0,147,0,0,0
18,0,139,0,0ns,0ns,0ns,0ns,0ns,0ns,0ns,0ns,1323,0,134,0,0,0
7,0,128,0,0ns,0ns,0ns,0ns,0ns,0ns,0ns,0ns,1377,0,131,0,0,0
8,0,153,0,0ns,0ns,0ns,0ns,0ns,0ns,0ns,0ns,1380,0,137,0,0,0
45,0,128,0,0ns,0ns,0ns,0ns,0ns,0ns,0ns,0ns,1437,0,142,0,0,0
46,0,145,0,0ns,0ns,0ns,0ns,0ns,0ns,0ns,0ns,1437,0,139,0,0,0
47,0,111,0,0ns,0ns,0ns,0ns,0ns,0ns,0ns,0ns,1389,0,136,0,0,0
48,0,130,0,0ns,0ns,0ns,0ns,0ns,0ns,0ns,0ns,1425,0,116,0,0,0
34,0,144,0,0ns,0ns,0ns,0ns,0ns,0ns,0ns,0ns,1428,0,153,0,0,0
1,0,114,0,0ns,0ns,0ns,0ns,0ns,0ns,0ns,0ns,1362,0,134,0,0,0
61,0,145,0,0ns,0ns,0ns,0ns,0ns,0ns,0ns,0ns,1377,0,134,0,0,0
63,0,153,0,0ns,0ns,0ns,0ns,0ns,0ns,0ns,0ns,1431,0,157,0,0,0
9,0,126,0,0ns,0ns,0ns,0ns,0ns,0ns,0ns,0ns,1428,0,137,0,0,0
14,0,139,0,0ns,0ns,0ns,0ns,0ns,0ns,0ns,0ns,1335,0,124,0,0,0
44,0,143,0,0ns,0ns,0ns,0ns,0ns,0ns,0ns,0ns,1287,0,126,0,0,0
52,0,135,0,0ns,0ns,0ns,0ns,0ns,0ns,0ns,0ns,1371,0,143,0,0,0
55,0,121,0,0ns,0ns,0ns,0ns,0ns,0ns,0ns,0ns,1419,0,143,0,0,0
54,0,139,0,0ns,0ns,0ns,0ns,0ns,0ns,0ns,0ns,1395,0,129,0,0,0
25,0,131,0,0ns,0ns,0ns,0ns,0ns,0ns,0ns,0ns,1446,0,151,0,0,0
16,0,155,0,0ns,0ns,0ns,0ns,0ns,0ns,0ns,0ns,1302,0,133,0,0,0
28,0,140,0,0ns,0ns,0ns,0ns,0ns,0ns,0ns,0ns,1347,0,137,0,0,0
27,0,129,0,0ns,0ns,0ns,0ns,0ns,0ns,0ns,0ns,1329,0,160,0,0,0
3,0,141,0,0ns,0ns,0ns,0ns,0ns,0ns,0ns,0ns,1374,0,141,0,0,0
21,0,139,0,0ns,0ns,0ns,0ns,0ns,0ns,0ns,0ns,1428,0,135,0,0,0
43,0,118,0,0ns,0ns,0ns,0ns,0ns,0ns,0ns,0ns,1419,0,125,0,0,0
41,0,112,0,0ns,0ns,0ns,0ns,0ns,0ns,0ns,0ns,1449,0,134,0,0,0
6,0,130,0,0ns,0ns,0ns,0ns,0ns,0ns,0ns,0ns,1380,0,124,0,0,0
26,0,133,0,0ns,0ns,0ns,0ns,0ns,0ns,0ns,0ns,1431,0,140,0,0,0
30,0,140,0,0ns,0ns,0ns,0ns,0ns,0ns,0ns,0ns,1296,0,126,0,0,0
57,0,116,0,0ns,0ns,0ns,0ns,0ns,0ns,0ns,0ns,1458,0,140,0,0,0
4,0,132,0,0ns,0ns,0ns,0ns,0ns,0ns,0ns,0ns,1434,0,142,0,0,0
2,0,129,0,0ns,0ns,0ns,0ns,0ns,0ns,0ns,0ns,1428,0,136,0,0,0
5,0,126,0,0ns,0ns,0ns,0ns,0ns,0ns,0ns,0ns,1449,0,123,0,0,0
32,0,133,0,0ns,0ns,0ns,0ns,0ns,0ns,0ns,0ns,1251,0,123,0,0,0
36,0,143,0,0ns,0ns,0ns,0ns,0ns,0ns,0ns,0ns,1296,0,106,0,0,0
0,0,155,0,0ns,0ns,0ns,0ns,0ns,0ns,0ns,0ns,1437,0,172,0,0,0
