   Compiling fib v0.1.0 (/local/badia/Velvet-priv/velvet_benchmarks/fib)
    Finished `release` profile [optimized] target(s) in 0.32s
     Running `/local/badia/Velvet-priv/target/release/fib velvet 52`
VELVET RESULT = 32951280099, in parallel time = 2.0791287
46,0,15,0,0ns,0ns,0ns,0ns,0ns,0ns,0ns,0ns,12938,0,17,0,0,0
14,0,33,0,0ns,0ns,0ns,0ns,0ns,0ns,0ns,0ns,13049,0,31,0,0,0
38,0,26,0,0ns,0ns,0ns,0ns,0ns,0ns,0ns,0ns,12992,0,30,0,0,0
39,0,26,0,0ns,0ns,0ns,0ns,0ns,0ns,0ns,0ns,12899,0,26,0,0,0
37,0,29,0,0ns,0ns,0ns,0ns,0ns,0ns,0ns,0ns,12892,0,31,0,0,0
10,0,31,0,0ns,0ns,0ns,0ns,0ns,0ns,0ns,0ns,12894,0,27,0,0,0
12,0,28,0,0ns,0ns,0ns,0ns,0ns,0ns,0ns,0ns,13039,0,24,0,0,0
11,0,28,0,0ns,0ns,0ns,0ns,0ns,0ns,0ns,0ns,13089,0,34,0,0,0
35,0,36,0,0ns,0ns,0ns,0ns,0ns,0ns,0ns,0ns,13033,0,29,0,0,0
34,0,35,0,0ns,0ns,0ns,0ns,0ns,0ns,0ns,0ns,12976,0,27,0,0,0
61,0,28,0,0ns,0ns,0ns,0ns,0ns,0ns,0ns,0ns,13070,0,25,0,0,0
8,0,29,0,0ns,0ns,0ns,0ns,0ns,0ns,0ns,0ns,12980,0,29,0,0,0
7,0,37,0,0ns,0ns,0ns,0ns,0ns,0ns,0ns,0ns,12847,0,25,0,0,0
23,0,23,0,0ns,0ns,0ns,0ns,0ns,0ns,0ns,0ns,13106,0,33,0,0,0
42,0,28,0,0ns,0ns,0ns,0ns,0ns,0ns,0ns,0ns,12901,0,25,0,0,0
41,0,28,0,0ns,0ns,0ns,0ns,0ns,0ns,0ns,0ns,12911,0,27,0,0,0
32,0,32,0,0ns,0ns,0ns,0ns,0ns,0ns,0ns,0ns,13019,0,31,0,0,0
31,0,32,0,0ns,0ns,0ns,0ns,0ns,0ns,0ns,0ns,13133,0,25,0,0,0
30,0,27,0,0ns,0ns,0ns,0ns,0ns,0ns,0ns,0ns,13160,0,33,0,0,0
62,0,25,0,0ns,0ns,0ns,0ns,0ns,0ns,0ns,0ns,13064,0,25,0,0,0
44,0,24,0,0ns,0ns,0ns,0ns,0ns,0ns,0ns,0ns,12968,0,24,0,0,0
60,0,29,0,0ns,0ns,0ns,0ns,0ns,0ns,0ns,0ns,12938,0,27,0,0,0
58,0,25,0,0ns,0ns,0ns,0ns,0ns,0ns,0ns,0ns,13067,0,29,0,0,0
57,0,25,0,0ns,0ns,0ns,0ns,0ns,0ns,0ns,0ns,12871,0,28,0,0,0
50,0,26,0,0ns,0ns,0ns,0ns,0ns,0ns,0ns,0ns,12975,0,38,0,0,0
53,0,30,0,0ns,0ns,0ns,0ns,0ns,0ns,0ns,0ns,12893,0,29,0,0,0
6,0,35,0,0ns,0ns,0ns,0ns,0ns,0ns,0ns,0ns,13125,0,32,0,0,0
21,0,19,0,0ns,0ns,0ns,0ns,0ns,0ns,0ns,0ns,13026,0,24,0,0,0
24,0,25,0,0ns,0ns,0ns,0ns,0ns,0ns,0ns,0ns,12979,0,16,0,0,0
36,0,24,0,0ns,0ns,0ns,0ns,0ns,0ns,0ns,0ns,12772,0,26,0,0,0
54,0,23,0,0ns,0ns,0ns,0ns,0ns,0ns,0ns,0ns,12994,0,31,0,0,0
47,0,32,0,0ns,0ns,0ns,0ns,0ns,0ns,0ns,0ns,13062,0,25,0,0,0
9,0,32,0,0ns,0ns,0ns,0ns,0ns,0ns,0ns,0ns,13010,0,29,0,0,0
63,0,28,0,0ns,0ns,0ns,0ns,0ns,0ns,0ns,0ns,12910,0,34,0,0,0
22,0,29,0,0ns,0ns,0ns,0ns,0ns,0ns,0ns,0ns,13144,0,28,0,0,0
43,0,38,0,0ns,0ns,0ns,0ns,0ns,0ns,0ns,0ns,13020,0,38,0,0,0
56,0,30,0,0ns,0ns,0ns,0ns,0ns,0ns,0ns,0ns,12867,0,31,0,0,0
33,0,24,0,0ns,0ns,0ns,0ns,0ns,0ns,0ns,0ns,13018,0,29,0,0,0
13,0,19,0,0ns,0ns,0ns,0ns,0ns,0ns,0ns,0ns,12919,0,26,0,0,0
15,0,27,0,0ns,0ns,0ns,0ns,0ns,0ns,0ns,0ns,13007,0,25,0,0,0
59,0,20,0,0ns,0ns,0ns,0ns,0ns,0ns,0ns,0ns,13045,0,20,0,0,0
49,0,36,0,0ns,0ns,0ns,0ns,0ns,0ns,0ns,0ns,12999,0,37,0,0,0
1,0,16,0,0ns,0ns,0ns,0ns,0ns,0ns,0ns,0ns,13135,0,22,0,0,0
2,0,30,0,0ns,0ns,0ns,0ns,0ns,0ns,0ns,0ns,13060,0,28,0,0,0
3,0,31,0,0ns,0ns,0ns,0ns,0ns,0ns,0ns,0ns,13135,0,25,0,0,0
52,0,26,0,0ns,0ns,0ns,0ns,0ns,0ns,0ns,0ns,12921,0,22,0,0,0
19,0,26,0,0ns,0ns,0ns,0ns,0ns,0ns,0ns,0ns,13103,0,29,0,0,0
5,0,31,0,0ns,0ns,0ns,0ns,0ns,0ns,0ns,0ns,13090,0,35,0,0,0
20,0,38,0,0ns,0ns,0ns,0ns,0ns,0ns,0ns,0ns,13115,0,31,0,0,0
16,0,36,0,0ns,0ns,0ns,0ns,0ns,0ns,0ns,0ns,12986,0,33,0,0,0
4,0,27,0,0ns,0ns,0ns,0ns,0ns,0ns,0ns,0ns,12937,0,28,0,0,0
26,0,39,0,0ns,0ns,0ns,0ns,0ns,0ns,0ns,0ns,13129,0,32,0,0,0
45,0,27,0,0ns,0ns,0ns,0ns,0ns,0ns,0ns,0ns,13028,0,24,0,0,0
40,0,26,0,0ns,0ns,0ns,0ns,0ns,0ns,0ns,0ns,12958,0,28,0,0,0
48,0,35,0,0ns,0ns,0ns,0ns,0ns,0ns,0ns,0ns,13032,0,31,0,0,0
51,0,31,0,0ns,0ns,0ns,0ns,0ns,0ns,0ns,0ns,12686,0,27,0,0,0
27,0,25,0,0ns,0ns,0ns,0ns,0ns,0ns,0ns,0ns,12918,0,21,0,0,0
25,0,28,0,0ns,0ns,0ns,0ns,0ns,0ns,0ns,0ns,12995,0,33,0,0,0
55,0,21,0,0ns,0ns,0ns,0ns,0ns,0ns,0ns,0ns,13035,0,26,0,0,0
28,0,24,0,0ns,0ns,0ns,0ns,0ns,0ns,0ns,0ns,13028,0,28,0,0,0
17,0,30,0,0ns,0ns,0ns,0ns,0ns,0ns,0ns,0ns,13101,0,27,0,0,0
18,0,32,0,0ns,0ns,0ns,0ns,0ns,0ns,0ns,0ns,13078,0,36,0,0,0
29,0,36,0,0ns,0ns,0ns,0ns,0ns,0ns,0ns,0ns,12978,0,26,0,0,0
0,0,27,0,0ns,0ns,0ns,0ns,0ns,0ns,0ns,0ns,12990,0,46,0,0,0
